mode: atomic
hostscanner/main.go:35.13,37.33 2 0
hostscanner/main.go:37.33,40.3 2 0
hostscanner/main.go:44.40,51.2 3 0
hostscanner/main.go:53.42,72.2 16 0
hostscanner/main.go:74.41,84.2 3 0
hostscanner/main.go:86.42,115.33 8 0
hostscanner/main.go:115.33,115.50 1 0
hostscanner/main.go:120.2,157.39 6 0
hostscanner/main.go:160.46,177.2 4 0
hostscanner/main.go:179.45,196.35 3 0
hostscanner/main.go:196.35,205.3 2 0
hostscanner/main.go:208.41,213.2 1 0
hostscanner/main.go:215.40,227.2 3 0
hostscanner/main.go:229.39,231.2 1 0
hostscanner/main.go:233.44,234.27 1 0
hostscanner/main.go:234.27,247.3 2 0
hostscanner/main.go:249.2,256.21 6 0
hostscanner/main.go:256.21,258.3 1 0
hostscanner/main.go:259.2,259.21 1 0
hostscanner/main.go:259.21,261.3 1 0
hostscanner/main.go:263.2,278.28 2 0
hostscanner/main.go:281.38,283.2 1 0
hostscanner/main.go:285.40,286.19 1 0
hostscanner/main.go:286.19,288.3 1 0
hostscanner/main.go:290.2,291.19 2 0
hostscanner/main.go:291.19,294.3 2 0
hostscanner/main.go:296.2,303.16 6 0
hostscanner/main.go:303.16,307.3 3 0
hostscanner/main.go:310.2,313.12 2 0
hostscanner/main.go:313.12,315.33 2 0
hostscanner/main.go:315.33,317.4 1 0
hostscanner/main.go:319.3,321.33 2 0
hostscanner/main.go:321.33,327.4 5 0
hostscanner/main.go:331.46,333.16 2 0
hostscanner/main.go:333.16,336.3 2 0
hostscanner/main.go:338.2,339.73 2 0
hostscanner/main.go:342.44,346.2 3 0
hostscanner/main.go:348.74,354.30 5 0
hostscanner/main.go:354.30,356.3 1 0
hostscanner/main.go:357.2,358.37 2 0
hostscanner/main.go:358.37,360.3 1 0
hostscanner/main.go:362.2,362.111 1 0
hostscanner/main.go:365.39,368.2 2 0
hostscanner/main.go:370.91,374.36 3 0
hostscanner/main.go:374.36,375.37 1 0
hostscanner/main.go:375.37,376.12 1 0
hostscanner/main.go:380.3,382.19 3 0
hostscanner/main.go:382.19,385.4 2 0
hostscanner/main.go:385.9,388.4 2 0
hostscanner/main.go:390.3,391.21 2 0
hostscanner/main.go:391.21,393.4 1 0
hostscanner/main.go:395.3,396.16 2 0
hostscanner/main.go:396.16,398.4 1 0
hostscanner/main.go:400.3,401.19 2 0
hostscanner/main.go:401.19,403.4 1 0
hostscanner/main.go:405.3,406.20 2 0
hostscanner/main.go:406.20,408.4 1 0
hostscanner/main.go:408.9,411.22 2 0
hostscanner/main.go:411.22,413.5 1 0
hostscanner/main.go:413.10,413.29 1 0
hostscanner/main.go:413.29,415.5 1 0
hostscanner/main.go:415.10,417.5 1 0
hostscanner/main.go:421.3,452.17 7 0
hostscanner/main.go:452.17,453.33 1 0
hostscanner/main.go:453.33,455.5 1 0
hostscanner/main.go:458.3,458.8 1 0
hostscanner/main.go:462.2,463.41 1 0
hostscanner/main.go:466.58,474.57 1 0
hostscanner/main.go:474.57,476.4 1 0
hostscanner/main.go:478.2,478.46 1 0
hostscanner/network/network.go:25.53,27.36 1 5
hostscanner/network/network.go:27.36,29.3 1 2
hostscanner/network/network.go:32.2,32.36 1 3
hostscanner/network/network.go:32.36,34.3 1 1
hostscanner/network/network.go:37.2,38.15 2 2
hostscanner/network/network.go:38.15,40.3 1 1
hostscanner/network/network.go:42.2,45.8 1 1
hostscanner/network/network.go:49.47,51.16 2 2
hostscanner/network/network.go:51.16,53.3 1 1
hostscanner/network/network.go:56.2,61.36 4 1
hostscanner/network/network.go:61.36,63.3 1 4
hostscanner/network/network.go:65.2,68.8 1 1
hostscanner/network/network.go:72.52,74.21 2 1
hostscanner/network/network.go:74.21,76.3 1 0
hostscanner/network/network.go:78.2,81.36 3 1
hostscanner/network/network.go:81.36,83.3 1 0
hostscanner/network/network.go:85.2,88.8 1 1
hostscanner/network/network.go:93.42,98.36 3 3
hostscanner/network/network.go:98.36,101.3 1 0
hostscanner/network/network.go:104.2,111.32 5 3
hostscanner/network/network.go:111.32,113.3 1 262
hostscanner/network/network.go:115.2,115.12 1 3
hostscanner/network/network.go:119.35,122.2 2 6
hostscanner/network/network.go:125.34,127.2 1 262
hostscanner/network/network.go:131.45,133.16 2 1
hostscanner/network/network.go:133.16,135.3 1 0
hostscanner/network/network.go:137.2,137.29 1 1
hostscanner/network/network.go:137.29,138.67 1 5
hostscanner/network/network.go:138.67,139.29 1 3
hostscanner/network/network.go:139.29,142.5 1 1
hostscanner/network/network.go:146.2,146.30 1 0
hostscanner/scanner/scanner.go:41.83,54.34 6 1
hostscanner/scanner/scanner.go:54.34,57.3 2 10
hostscanner/scanner/scanner.go:60.2,60.12 1 1
hostscanner/scanner/scanner.go:60.12,61.26 1 1
hostscanner/scanner/scanner.go:61.26,63.4 1 1
hostscanner/scanner/scanner.go:64.3,64.14 1 1
hostscanner/scanner/scanner.go:68.2,68.12 1 1
hostscanner/scanner/scanner.go:68.12,71.3 2 1
hostscanner/scanner/scanner.go:74.2,74.28 1 1
hostscanner/scanner/scanner.go:74.28,76.19 2 1
hostscanner/scanner/scanner.go:76.19,78.4 1 1
hostscanner/scanner/scanner.go:81.2,82.15 2 1
hostscanner/scanner/scanner.go:86.97,89.23 2 10
hostscanner/scanner/scanner.go:89.23,92.3 2 1
hostscanner/scanner/scanner.go:96.54,109.13 7 1
hostscanner/scanner/scanner.go:109.13,111.78 1 1
hostscanner/scanner/scanner.go:111.78,113.4 1 1
hostscanner/scanner/scanner.go:116.3,116.51 1 1
hostscanner/scanner/scanner.go:116.51,119.4 2 0
hostscanner/scanner/scanner.go:122.2,122.13 1 1
hostscanner/scanner/scanner.go:126.63,129.22 2 1
hostscanner/scanner/scanner.go:130.17,131.95 1 0
hostscanner/scanner/scanner.go:132.25,133.95 1 1
hostscanner/scanner/scanner.go:134.10,135.69 1 0
hostscanner/scanner/scanner.go:138.2,139.24 2 1
hostscanner/scanner/scanner.go:144.38,147.22 2 1
hostscanner/scanner/scanner.go:148.17,149.38 1 0
hostscanner/scanner/scanner.go:150.25,151.38 1 1
hostscanner/scanner/scanner.go:152.10,153.12 1 0
hostscanner/scanner/scanner.go:156.2,157.16 2 1
hostscanner/scanner/scanner.go:157.16,159.3 1 1
hostscanner/scanner/scanner.go:162.2,163.29 2 0
hostscanner/scanner/scanner.go:163.29,164.33 1 0
hostscanner/scanner/scanner.go:164.33,166.33 2 0
hostscanner/scanner/scanner.go:166.33,167.73 1 0
hostscanner/scanner/scanner.go:167.73,169.6 1 0
hostscanner/scanner/scanner.go:174.2,174.11 1 0
hostscanner/scanner/scanner.go:179.42,180.18 1 0
hostscanner/scanner/scanner.go:180.18,182.3 1 0
hostscanner/scanner/scanner.go:185.2,205.41 5 0
hostscanner/scanner/scanner.go:205.41,206.40 1 0
hostscanner/scanner/scanner.go:206.40,208.4 1 0
hostscanner/scanner/scanner.go:211.2,211.18 1 0
